Using pre-set license
Built from '2021.3/staging' branch; Version is '2021.3.16f1 (4016570cf34f) revision 4200023'; Using compiler version '192829333'; Build Type 'Release'
OS: 'Windows 10  (10.0.19045) 64bit Professional' Language: 'ru' Physical Memory: 16197 MB
BatchMode: 1, IsHumanControllingUs: 0, StartBugReporterOnCrash: 0, Is64bit: 1, IsPro: 1

COMMAND LINE ARGUMENTS:
C:\Program Files\Unity\Hub\Editor\2021.3.16f1\Editor\Unity.exe
-adb2
-batchMode
-noUpm
-name
AssetImportWorker4
-projectPath
D:/GitHub/Strategy
-logFile
Logs/AssetImportWorker4.log
-srvPort
57569
Successfully changed project path to: D:/GitHub/Strategy
D:/GitHub/Strategy
[UnityMemory] Configuration Parameters - Can be set up in boot.config
    "memorysetup-bucket-allocator-granularity=16"
    "memorysetup-bucket-allocator-bucket-count=8"
    "memorysetup-bucket-allocator-block-size=33554432"
    "memorysetup-bucket-allocator-block-count=8"
    "memorysetup-main-allocator-block-size=16777216"
    "memorysetup-thread-allocator-block-size=16777216"
    "memorysetup-gfx-main-allocator-block-size=16777216"
    "memorysetup-gfx-thread-allocator-block-size=16777216"
    "memorysetup-cache-allocator-block-size=4194304"
    "memorysetup-typetree-allocator-block-size=2097152"
    "memorysetup-profiler-bucket-allocator-granularity=16"
    "memorysetup-profiler-bucket-allocator-bucket-count=8"
    "memorysetup-profiler-bucket-allocator-block-size=33554432"
    "memorysetup-profiler-bucket-allocator-block-count=8"
    "memorysetup-profiler-allocator-block-size=16777216"
    "memorysetup-profiler-editor-allocator-block-size=1048576"
    "memorysetup-temp-allocator-size-main=16777216"
    "memorysetup-job-temp-allocator-block-size=2097152"
    "memorysetup-job-temp-allocator-block-size-background=1048576"
    "memorysetup-job-temp-allocator-reduction-small-platforms=262144"
    "memorysetup-temp-allocator-size-background-worker=32768"
    "memorysetup-temp-allocator-size-job-worker=262144"
    "memorysetup-temp-allocator-size-preload-manager=33554432"
    "memorysetup-temp-allocator-size-nav-mesh-worker=65536"
    "memorysetup-temp-allocator-size-audio-worker=65536"
    "memorysetup-temp-allocator-size-cloud-worker=32768"
    "memorysetup-temp-allocator-size-gi-baking-worker=262144"
    "memorysetup-temp-allocator-size-gfx=262144"
Player connection [24512] Host "[IP] 192.168.31.207 [Port] 0 [Flags] 2 [Guid] 2479184334 [EditorId] 2479184334 [Version] 1048832 [Id] WindowsEditor(7,DESKTOP-EFRG67D) [Debug] 1 [PackageName] WindowsEditor [ProjectName] Editor" joined multi-casting on [225.0.0.222:54997]...

Player connection [24512] Host "[IP] 192.168.31.207 [Port] 0 [Flags] 2 [Guid] 2479184334 [EditorId] 2479184334 [Version] 1048832 [Id] WindowsEditor(7,DESKTOP-EFRG67D) [Debug] 1 [PackageName] WindowsEditor [ProjectName] Editor" joined alternative multi-casting on [225.0.0.222:34997]...

Refreshing native plugins compatible for Editor in 75.93 ms, found 3 plugins.
Preloading 0 native plugins for Editor in 0.00 ms.
Initialize engine version: 2021.3.16f1 (4016570cf34f)
[Subsystems] Discovering subsystems at path C:/Program Files/Unity/Hub/Editor/2021.3.16f1/Editor/Data/Resources/UnitySubsystems
[Subsystems] Discovering subsystems at path D:/GitHub/Strategy/Assets
GfxDevice: creating device client; threaded=0; jobified=0
Direct3D:
    Version:  Direct3D 11.0 [level 11.1]
    Renderer: NVIDIA GeForce RTX 3060 (ID=0x2504)
    Vendor:   NVIDIA
    VRAM:     12129 MB
    Driver:   31.0.15.3179
Initialize mono
Mono path[0] = 'C:/Program Files/Unity/Hub/Editor/2021.3.16f1/Editor/Data/Managed'
Mono path[1] = 'C:/Program Files/Unity/Hub/Editor/2021.3.16f1/Editor/Data/MonoBleedingEdge/lib/mono/unityjit-win32'
Mono config path = 'C:/Program Files/Unity/Hub/Editor/2021.3.16f1/Editor/Data/MonoBleedingEdge/etc'
Using monoOptions --debugger-agent=transport=dt_socket,embedding=1,server=y,suspend=n,address=127.0.0.1:56336
Begin MonoManager ReloadAssembly
Registering precompiled unity dll's ...
Register platform support module: C:/Program Files/Unity/Hub/Editor/2021.3.16f1/Editor/Data/PlaybackEngines/WebGLSupport/UnityEditor.WebGL.Extensions.dll
Register platform support module: C:/Program Files/Unity/Hub/Editor/2021.3.16f1/Editor/Data/PlaybackEngines/AndroidPlayer/UnityEditor.Android.Extensions.dll
Register platform support module: C:/Program Files/Unity/Hub/Editor/2021.3.16f1/Editor/Data/PlaybackEngines/WindowsStandaloneSupport/UnityEditor.WindowsStandalone.Extensions.dll
Registered in 0.004925 seconds.
Native extension for WindowsStandalone target not found
Native extension for Android target not found
Native extension for WebGL target not found
Refreshing native plugins compatible for Editor in 75.82 ms, found 3 plugins.
Preloading 0 native plugins for Editor in 0.00 ms.
Mono: successfully reloaded assembly
- Completed reload, in  0.513 seconds
Domain Reload Profiling:
	ReloadAssembly (514ms)
		BeginReloadAssembly (53ms)
			ExecutionOrderSort (0ms)
			DisableScriptedObjects (0ms)
			BackupInstance (0ms)
			ReleaseScriptingObjects (0ms)
			CreateAndSetChildDomain (1ms)
		EndReloadAssembly (386ms)
			LoadAssemblies (52ms)
			RebuildTransferFunctionScriptingTraits (0ms)
			SetupTypeCache (72ms)
			ReleaseScriptCaches (0ms)
			RebuildScriptCaches (23ms)
			SetupLoadedEditorAssemblies (255ms)
				LogAssemblyErrors (0ms)
				InitializePlatformSupportModulesInManaged (69ms)
				SetLoadedEditorAssemblies (0ms)
				RefreshPlugins (76ms)
				BeforeProcessingInitializeOnLoad (1ms)
				ProcessInitializeOnLoadAttributes (73ms)
				ProcessInitializeOnLoadMethodAttributes (35ms)
				AfterProcessingInitializeOnLoad (0ms)
				EditorAssembliesLoaded (0ms)
			ExecutionOrderSort2 (0ms)
			AwakeInstancesAfterBackupRestoration (0ms)
Platform modules already initialized, skipping
Registering precompiled user dll's ...
Registered in 0.002217 seconds.
Begin MonoManager ReloadAssembly
Symbol file LoadedFromMemory doesn't match image D:\GitHub\Strategy\Library\PackageCache\com.unity.visualscripting@1.7.8\Editor\VisualScripting.Core\Dependencies\YamlDotNet\Unity.VisualScripting.YamlDotNet.dll
Symbol file LoadedFromMemory doesn't match image D:\GitHub\Strategy\Library\PackageCache\com.unity.visualscripting@1.7.8\Editor\VisualScripting.Core\Dependencies\DotNetZip\Unity.VisualScripting.IonicZip.dll
Native extension for WindowsStandalone target not found
Native extension for Android target not found
Native extension for WebGL target not found
Refreshing native plugins compatible for Editor in 0.58 ms, found 3 plugins.
Preloading 0 native plugins for Editor in 0.00 ms.
Mono: successfully reloaded assembly
- Completed reload, in  0.913 seconds
Domain Reload Profiling:
	ReloadAssembly (914ms)
		BeginReloadAssembly (195ms)
			ExecutionOrderSort (0ms)
			DisableScriptedObjects (4ms)
			BackupInstance (0ms)
			ReleaseScriptingObjects (0ms)
			CreateAndSetChildDomain (129ms)
		EndReloadAssembly (639ms)
			LoadAssemblies (58ms)
			RebuildTransferFunctionScriptingTraits (0ms)
			SetupTypeCache (223ms)
			ReleaseScriptCaches (0ms)
			RebuildScriptCaches (35ms)
			SetupLoadedEditorAssemblies (299ms)
				LogAssemblyErrors (0ms)
				InitializePlatformSupportModulesInManaged (11ms)
				SetLoadedEditorAssemblies (0ms)
				RefreshPlugins (1ms)
				BeforeProcessingInitializeOnLoad (57ms)
				ProcessInitializeOnLoadAttributes (207ms)
				ProcessInitializeOnLoadMethodAttributes (18ms)
				AfterProcessingInitializeOnLoad (4ms)
				EditorAssembliesLoaded (0ms)
			ExecutionOrderSort2 (0ms)
			AwakeInstancesAfterBackupRestoration (4ms)
Platform modules already initialized, skipping
========================================================================
Worker process is ready to serve import requests
Launched and connected shader compiler UnityShaderCompiler.exe after 0.04 seconds
Refreshing native plugins compatible for Editor in 0.93 ms, found 3 plugins.
Preloading 0 native plugins for Editor in 0.00 ms.
Unloading 3372 Unused Serialized files (Serialized files now loaded: 0)
Unloading 27 unused Assets / (115.1 KB). Loaded Objects now: 3832.
Memory consumption went from 124.8 MB to 124.7 MB.
Total: 4.385900 ms (FindLiveObjects: 0.451600 ms CreateObjectMapping: 0.152100 ms MarkObjects: 3.565800 ms  DeleteObjects: 0.214000 ms)

AssetImportParameters requested are different than current active one (requested -> active):
  custom:video-decoder-ogg-theora: a1e56fd34408186e4bbccfd4996cb3dc -> 
  custom:container-muxer-webm: aa71ff27fc2769a1b78a27578f13a17b -> 
  custom:container-demuxer-webm: 4f35f7cbe854078d1ac9338744f61a02 -> 
  custom:video-encoder-webm-vp8: eb34c28f22e8b96e1ab97ce403110664 -> 
  custom:audio-encoder-webm-vorbis: bf7c407c2cedff20999df2af8eb42d56 -> 
  custom:framework-win-MediaFoundation: 216162199b28c13a410421893ffa2e32 -> 
  custom:container-demuxer-ogg: 62fdf1f143b41e24485cea50d1cbac27 -> 
  custom:video-decoder-webm-vp8: 9c59270c3fd7afecdb556c50c9e8de78 -> 
  custom:audio-decoder-ogg-vorbis: bf7c407c2cedff20999df2af8eb42d56 -> 
========================================================================
Received Import Request.
  Time since last request: 21257.150187 seconds.
  path: Assets/3D Gamekit - Environment Pack/Environment/Vegetation/Medium/Models/VegetationMedium01.fbx
  artifactKey: Guid(05bd0d55a4d4bb348b78e309354f493e) Importer(815301076,1909f56bfc062723c751e8b465ee728b)
Start importing Assets/3D Gamekit - Environment Pack/Environment/Vegetation/Medium/Models/VegetationMedium01.fbx using Guid(05bd0d55a4d4bb348b78e309354f493e) Importer(815301076,1909f56bfc062723c751e8b465ee728b)  -> (artifact id: 'f6ae37776944c35dcfd08fa82dc19c31') in 0.238404 seconds 
========================================================================
Received Import Request.
  Time since last request: 0.000053 seconds.
  path: Assets/3D Gamekit - Environment Pack/Environment/Vegetation/Medium/Models/VegetationMedium04_02.fbx
  artifactKey: Guid(d6fbdfad7dffcb44182ff67dbe3bdbba) Importer(815301076,1909f56bfc062723c751e8b465ee728b)
Start importing Assets/3D Gamekit - Environment Pack/Environment/Vegetation/Medium/Models/VegetationMedium04_02.fbx using Guid(d6fbdfad7dffcb44182ff67dbe3bdbba) Importer(815301076,1909f56bfc062723c751e8b465ee728b)  -> (artifact id: '41f707dedd48fd82c4a545040442a3e6') in 0.036260 seconds 
========================================================================
Received Import Request.
  Time since last request: 0.479392 seconds.
  path: Assets/3D Gamekit - Environment Pack/Environment/Vegetation/Medium/Prefabs/VegetationMedium01.prefab
  artifactKey: Guid(08ac4b3b2bea9494db0e0122d339738d) Importer(815301076,1909f56bfc062723c751e8b465ee728b)
Start importing Assets/3D Gamekit - Environment Pack/Environment/Vegetation/Medium/Prefabs/VegetationMedium01.prefab using Guid(08ac4b3b2bea9494db0e0122d339738d) Importer(815301076,1909f56bfc062723c751e8b465ee728b)  -> (artifact id: '7fc2f0eac97578bcdd9a9386ac3543dc') in 0.015890 seconds 
========================================================================
Received Import Request.
  Time since last request: 0.000022 seconds.
  path: Assets/3D Gamekit - Environment Pack/Environment/Vegetation/Medium/Prefabs/VegetationMedium04.prefab
  artifactKey: Guid(915ccbcb4967d9a47920fc29283bda79) Importer(815301076,1909f56bfc062723c751e8b465ee728b)
Start importing Assets/3D Gamekit - Environment Pack/Environment/Vegetation/Medium/Prefabs/VegetationMedium04.prefab using Guid(915ccbcb4967d9a47920fc29283bda79) Importer(815301076,1909f56bfc062723c751e8b465ee728b)  -> (artifact id: '9ad2f8f28d70965b08d2064b1f9daeef') in 0.015688 seconds 
========================================================================
Received Import Request.
  Time since last request: 0.000029 seconds.
  path: Assets/3D Gamekit - Environment Pack/Environment/Vegetation/Medium/Prefabs/VegetationMedium03.prefab
  artifactKey: Guid(bb3b0fdefc75fae47b5f6d32fddbf415) Importer(815301076,1909f56bfc062723c751e8b465ee728b)
Start importing Assets/3D Gamekit - Environment Pack/Environment/Vegetation/Medium/Prefabs/VegetationMedium03.prefab using Guid(bb3b0fdefc75fae47b5f6d32fddbf415) Importer(815301076,1909f56bfc062723c751e8b465ee728b)  -> (artifact id: '29ffdaa51af5b985bf184a8d529e6e86') in 0.013484 seconds 
========================================================================
Received Import Request.
  Time since last request: 172.353480 seconds.
  path: Assets/3D Gamekit - Environment Pack/Environment/Vegetation/Misc/Prefabs/Fungus.prefab
  artifactKey: Guid(a3302d1159bf8834db2f435d35828fa7) Importer(815301076,1909f56bfc062723c751e8b465ee728b)
Start importing Assets/3D Gamekit - Environment Pack/Environment/Vegetation/Misc/Prefabs/Fungus.prefab using Guid(a3302d1159bf8834db2f435d35828fa7) Importer(815301076,1909f56bfc062723c751e8b465ee728b)  -> (artifact id: '92d0821c1cbdb286c954e3b916078d49') in 0.022859 seconds 
========================================================================
Received Import Request.
  Time since last request: 0.000024 seconds.
  path: Assets/3D Gamekit - Environment Pack/Environment/Vegetation/Misc/Prefabs/GroundCover02.prefab
  artifactKey: Guid(355b7f6942603ce4585b44ec832155c8) Importer(815301076,1909f56bfc062723c751e8b465ee728b)
Start importing Assets/3D Gamekit - Environment Pack/Environment/Vegetation/Misc/Prefabs/GroundCover02.prefab using Guid(355b7f6942603ce4585b44ec832155c8) Importer(815301076,1909f56bfc062723c751e8b465ee728b)  -> (artifact id: 'c1a05e83b6908d849971fc8c403c9c39') in 0.219198 seconds 
========================================================================
Received Import Request.
  Time since last request: 0.000029 seconds.
  path: Assets/3D Gamekit - Environment Pack/Environment/Vegetation/Misc/Prefabs/HangingMoss02.prefab
  artifactKey: Guid(4ae69f10b2fc9b7428dbbb967983ec71) Importer(815301076,1909f56bfc062723c751e8b465ee728b)
Start importing Assets/3D Gamekit - Environment Pack/Environment/Vegetation/Misc/Prefabs/HangingMoss02.prefab using Guid(4ae69f10b2fc9b7428dbbb967983ec71) Importer(815301076,1909f56bfc062723c751e8b465ee728b)  -> (artifact id: '92d13ef8801a9fd1f1ca12a074bf327a') in 0.017782 seconds 
========================================================================
Received Import Request.
  Time since last request: 0.000023 seconds.
  path: Assets/3D Gamekit - Environment Pack/Environment/Vegetation/Misc/Prefabs/HangingVine.prefab
  artifactKey: Guid(d9a624152bf5ba74db9f393c9a30714d) Importer(815301076,1909f56bfc062723c751e8b465ee728b)
Start importing Assets/3D Gamekit - Environment Pack/Environment/Vegetation/Misc/Prefabs/HangingVine.prefab using Guid(d9a624152bf5ba74db9f393c9a30714d) Importer(815301076,1909f56bfc062723c751e8b465ee728b)  -> (artifact id: '148eb5402fd92d77eed108b16b9cc4fe') in 0.112377 seconds 
Editor requested this worker to shutdown with reason: Scaling down because of idle timeout
AssetImportWorker is now disconnected from the server
Process exiting
Exiting without the bug reporter. Application will terminate with return code 0